c:\users\pol\documents\github\jocsenxarxa\temp\ctfm_clientwin32debug\vc140.pdb
c:\users\pol\documents\github\jocsenxarxa\temp\ctfm_clientwin32debug\vc140.idb
c:\users\pol\documents\github\jocsenxarxa\temp\ctfm_clientwin32debug\errormanagement.obj
c:\users\pol\documents\github\jocsenxarxa\temp\ctfm_clientwin32debug\game.obj
c:\users\pol\documents\github\jocsenxarxa\temp\ctfm_clientwin32debug\inputmanager.obj
c:\users\pol\documents\github\jocsenxarxa\temp\ctfm_clientwin32debug\listofmonsters.obj
c:\users\pol\documents\github\jocsenxarxa\temp\ctfm_clientwin32debug\main.obj
c:\users\pol\documents\github\jocsenxarxa\temp\ctfm_clientwin32debug\sdlinterface.obj
c:\users\pol\documents\github\jocsenxarxa\temp\ctfm_clientwin32debug\sprite.obj
c:\users\pol\documents\github\jocsenxarxa\build\win32debug\ctfm_clientwin32debug.ilk
c:\users\pol\documents\github\jocsenxarxa\build\win32debug\ctfm_clientwin32debug.exe
c:\users\pol\documents\github\jocsenxarxa\build\win32debug\ctfm_clientwin32debug.pdb
c:\users\pol\documents\github\jocsenxarxa\\build\win32debug\ctfm_clientwin32debug.pdb
c:\users\pol\documents\github\jocsenxarxa\\build\win32debug\ctfm_clientwin32debug.exe
c:\users\pol\documents\github\jocsenxarxa\\build\win32debug\ctfm_clientwin32debug.ilk
c:\users\pol\documents\github\jocsenxarxa\temp\ctfm_clientwin32debug\ctfm_client.tlog\cl.command.1.tlog
c:\users\pol\documents\github\jocsenxarxa\temp\ctfm_clientwin32debug\ctfm_client.tlog\cl.read.1.tlog
c:\users\pol\documents\github\jocsenxarxa\temp\ctfm_clientwin32debug\ctfm_client.tlog\cl.write.1.tlog
c:\users\pol\documents\github\jocsenxarxa\temp\ctfm_clientwin32debug\ctfm_client.tlog\link.command.1.tlog
c:\users\pol\documents\github\jocsenxarxa\temp\ctfm_clientwin32debug\ctfm_client.tlog\link.read.1.tlog
c:\users\pol\documents\github\jocsenxarxa\temp\ctfm_clientwin32debug\ctfm_client.tlog\link.write.1.tlog
