Build started 21/04/2016 19:56:18.
     1>Project "C:\Users\jserrano\Documents\GitHub\JocsEnXarxa\source\CTFM_Client\CTFM_Client.vcxproj" on node 3 (Rebuild target(s)).
     1>ClCompile:
         C:\Program Files (x86)\Microsoft Visual Studio 14.0\VC\bin\CL.exe /c /IC:\Users\jserrano\Documents\GitHub\JocsEnXarxa\source\CTFM_Client\..\..\deps\external\include /IC:\Users\jserrano\Documents\GitHub\JocsEnXarxa\source\CTFM_Client\..\..\deps\internal\include /ZI /nologo /W3 /WX- /sdl /Od /Oy- /D WIN32 /D _DEBUG /D _CONSOLE /D _CRT_SECURE_NO_WARNINGS /D _UNICODE /D UNICODE /D _UNICODE /D UNICODE /Gm /EHsc /RTC1 /MDd /GS /fp:precise /Zc:wchar_t /Zc:forScope /Zc:inline /Fo"C:\Users\jserrano\Documents\GitHub\JocsEnXarxa\\temp\CTFM_ClientWin32Debug\\" /Fd"C:\Users\jserrano\Documents\GitHub\JocsEnXarxa\\temp\CTFM_ClientWin32Debug\vc140.pdb" /Gd /TP /analyze- /errorReport:prompt ErrorManagement.cpp Game.cpp InputManager.cpp ListOfMonsters.cpp Main.cpp SDLInterface.cpp Sprite.cpp
         Sprite.cpp
         SDLInterface.cpp
         Main.cpp
         ListOfMonsters.cpp
         InputManager.cpp
         Game.cpp
         ErrorManagement.cpp
         Generating Code...
       Link:
         C:\Program Files (x86)\Microsoft Visual Studio 14.0\VC\bin\link.exe /ERRORREPORT:PROMPT /OUT:"C:\Users\jserrano\Documents\GitHub\JocsEnXarxa\\build\Win32Debug\CTFM_Client.exe" /INCREMENTAL /NOLOGO /LIBPATH:C:\Users\jserrano\Documents\GitHub\JocsEnXarxa\source\CTFM_Client\..\..\deps\external\lib\x86 /LIBPATH:C:\Users\jserrano\Documents\GitHub\JocsEnXarxa\source\CTFM_Client\..\..\deps\internal\lib\x86 SDL2_image.lib SDL2_ttf.lib SDL2_mixer.lib SDL2.lib SDL2main.lib d3d11.lib dxguid.lib winmm.lib comctl32.lib Ws2_32.lib kernel32.lib user32.lib gdi32.lib winspool.lib comdlg32.lib advapi32.lib shell32.lib ole32.lib oleaut32.lib uuid.lib odbc32.lib odbccp32.lib /MANIFEST /MANIFESTUAC:"level='asInvoker' uiAccess='false'" /manifest:embed /Debug /PDB:"C:\Users\jserrano\Documents\GitHub\JocsEnXarxa\\build\Win32Debug\CTFM_Client.pdb" /SUBSYSTEM:CONSOLE /TLBID:1 /DYNAMICBASE /NXCOMPAT /IMPLIB:"C:\Users\jserrano\Documents\GitHub\JocsEnXarxa\\build\Win32Debug\CTFM_Client.lib" /MACHINE:X86 C:\Users\jserrano\Documents\GitHub\JocsEnXarxa\\temp\CTFM_ClientWin32Debug\ErrorManagement.obj
         C:\Users\jserrano\Documents\GitHub\JocsEnXarxa\\temp\CTFM_ClientWin32Debug\Game.obj
         C:\Users\jserrano\Documents\GitHub\JocsEnXarxa\\temp\CTFM_ClientWin32Debug\InputManager.obj
         C:\Users\jserrano\Documents\GitHub\JocsEnXarxa\\temp\CTFM_ClientWin32Debug\ListOfMonsters.obj
         C:\Users\jserrano\Documents\GitHub\JocsEnXarxa\\temp\CTFM_ClientWin32Debug\Main.obj
         C:\Users\jserrano\Documents\GitHub\JocsEnXarxa\\temp\CTFM_ClientWin32Debug\SDLInterface.obj
         C:\Users\jserrano\Documents\GitHub\JocsEnXarxa\\temp\CTFM_ClientWin32Debug\Sprite.obj
         CTFM_Client.vcxproj -> C:\Users\jserrano\Documents\GitHub\JocsEnXarxa\\build\Win32Debug\CTFM_Client.exe
     1>Done Building Project "C:\Users\jserrano\Documents\GitHub\JocsEnXarxa\source\CTFM_Client\CTFM_Client.vcxproj" (Rebuild target(s)).

Build succeeded.

Time Elapsed 00:00:04.19
