c:\users\pol\documents\github\jocsenxarxa\temp\ctfm_clientx64debug\vc140.pdb
c:\users\pol\documents\github\jocsenxarxa\temp\ctfm_clientx64debug\vc140.idb
c:\users\pol\documents\github\jocsenxarxa\temp\ctfm_clientx64debug\errormanagement.obj
c:\users\pol\documents\github\jocsenxarxa\temp\ctfm_clientx64debug\game.obj
c:\users\pol\documents\github\jocsenxarxa\temp\ctfm_clientx64debug\inputmanager.obj
c:\users\pol\documents\github\jocsenxarxa\temp\ctfm_clientx64debug\listofmonsters.obj
c:\users\pol\documents\github\jocsenxarxa\temp\ctfm_clientx64debug\main.obj
c:\users\pol\documents\github\jocsenxarxa\temp\ctfm_clientx64debug\sdlinterface.obj
c:\users\pol\documents\github\jocsenxarxa\temp\ctfm_clientx64debug\sprite.obj
c:\users\pol\documents\github\jocsenxarxa\build\x64debug\ctfm_clientx64debug.ilk
c:\users\pol\documents\github\jocsenxarxa\build\x64debug\ctfm_clientx64debug.exe
c:\users\pol\documents\github\jocsenxarxa\build\x64debug\ctfm_clientx64debug.pdb
c:\users\pdemiguel\documents\github\jocsenxarxa\temp\ctfm_clientx64debug\errormanagement.obj
c:\users\pdemiguel\documents\github\jocsenxarxa\temp\ctfm_clientx64debug\game.obj
c:\users\pdemiguel\documents\github\jocsenxarxa\temp\ctfm_clientx64debug\inputmanager.obj
c:\users\pdemiguel\documents\github\jocsenxarxa\temp\ctfm_clientx64debug\listofmonsters.obj
c:\users\pdemiguel\documents\github\jocsenxarxa\temp\ctfm_clientx64debug\main.obj
c:\users\pdemiguel\documents\github\jocsenxarxa\temp\ctfm_clientx64debug\sdlinterface.obj
c:\users\pdemiguel\documents\github\jocsenxarxa\temp\ctfm_clientx64debug\sprite.obj
c:\users\pdemiguel\documents\github\jocsenxarxa\temp\ctfm_clientx64debug\vc140.idb
c:\users\pdemiguel\documents\github\jocsenxarxa\temp\ctfm_clientx64debug\vc140.pdb
c:\users\pdemiguel\documents\github\jocsenxarxa\\build\x64debug\ctfm_clientx64debug.pdb
c:\users\pdemiguel\documents\github\jocsenxarxa\\build\x64debug\ctfm_clientx64debug.ilk
c:\users\pdemiguel\documents\github\jocsenxarxa\temp\ctfm_clientx64debug\ctfm_client.tlog\cl.command.1.tlog
c:\users\pdemiguel\documents\github\jocsenxarxa\temp\ctfm_clientx64debug\ctfm_client.tlog\cl.read.1.tlog
c:\users\pdemiguel\documents\github\jocsenxarxa\temp\ctfm_clientx64debug\ctfm_client.tlog\cl.write.1.tlog
c:\users\pdemiguel\documents\github\jocsenxarxa\temp\ctfm_clientx64debug\ctfm_client.tlog\link.command.1.tlog
c:\users\pdemiguel\documents\github\jocsenxarxa\temp\ctfm_clientx64debug\ctfm_client.tlog\link.read.1.tlog
c:\users\pdemiguel\documents\github\jocsenxarxa\temp\ctfm_clientx64debug\ctfm_client.tlog\link.write.1.tlog
