Build started 25/02/2016 17:30:40.
     1>Project "C:\Users\pdemiguel\Documents\GitHub\JocsEnXarxa\SocketsLib\SocketsLib.vcxproj" on node 2 (Rebuild target(s)).
     1>ClCompile:
         C:\Program Files (x86)\Microsoft Visual Studio 14.0\VC\bin\x86_amd64\CL.exe /c /ZI /nologo /W3 /WX- /sdl /Od /D _DEBUG /D _LIB /D _UNICODE /D UNICODE /Gm /EHsc /RTC1 /MDd /GS /fp:precise /Zc:wchar_t /Zc:forScope /Zc:inline /Fo"x64\Debug\\" /Fd"x64\Debug\SocketsLib.pdb" /Gd /TP /errorReport:prompt GenericSocket.cpp SocketAddress.cpp UDPSocket.cpp
         UDPSocket.cpp
         SocketAddress.cpp
         GenericSocket.cpp
         Generating Code...
       Lib:
         C:\Program Files (x86)\Microsoft Visual Studio 14.0\VC\bin\x86_amd64\Lib.exe /OUT:"C:\Users\pdemiguel\Documents\GitHub\JocsEnXarxa\x64\Debug\SocketsLib.lib" d3d11.lib dxguid.lib winmm.lib comctl32.lib Ws2_32.lib /NOLOGO /MACHINE:X64 x64\Debug\GenericSocket.obj
         x64\Debug\SocketAddress.obj
         x64\Debug\UDPSocket.obj
     1>winmm.lib(WINMM.dll) : warning LNK4006: __NULL_IMPORT_DESCRIPTOR already defined in d3d11.lib(d3d11.dll); second definition ignored
     1>winmm.lib(WINMM.dll) : warning LNK4221: This object file does not define any previously undefined public symbols, so it will not be used by any link operation that consumes this library
     1>comctl32.lib(COMCTL32.dll) : warning LNK4006: __NULL_IMPORT_DESCRIPTOR already defined in d3d11.lib(d3d11.dll); second definition ignored
     1>comctl32.lib(COMCTL32.dll) : warning LNK4221: This object file does not define any previously undefined public symbols, so it will not be used by any link operation that consumes this library
     1>Ws2_32.lib(WS2_32.dll) : warning LNK4006: __NULL_IMPORT_DESCRIPTOR already defined in d3d11.lib(d3d11.dll); second definition ignored
     1>Ws2_32.lib(WS2_32.dll) : warning LNK4221: This object file does not define any previously undefined public symbols, so it will not be used by any link operation that consumes this library
         SocketsLib.vcxproj -> C:\Users\pdemiguel\Documents\GitHub\JocsEnXarxa\x64\Debug\SocketsLib.lib
     1>Done Building Project "C:\Users\pdemiguel\Documents\GitHub\JocsEnXarxa\SocketsLib\SocketsLib.vcxproj" (Rebuild target(s)).

Build succeeded.

Time Elapsed 00:00:01.79
