Build started 02/03/2016 19:57:25.
     1>Project "C:\Users\pdemiguel\Documents\GitHub\JocsEnXarxa\BerkeleySockets\BerkeleySockets.vcxproj" on node 2 (Rebuild target(s)).
     1>ClCompile:
         C:\Program Files (x86)\Microsoft Visual Studio 14.0\VC\bin\CL.exe /c /ZI /nologo /W3 /WX- /sdl /Od /Oy- /D WIN32 /D _DEBUG /D _CONSOLE /D _UNICODE /D UNICODE /Gm /EHsc /RTC1 /MDd /GS /fp:precise /Zc:wchar_t /Zc:forScope /Zc:inline /Fo"Debug\\" /Fd"Debug\vc140.pdb" /Gd /TP /analyze- /errorReport:prompt main.cpp
         main.cpp
     1>c:\program files (x86)\microsoft visual studio 14.0\vc\include\tuple(75): error C2280: 'Receiver::Receiver(const Receiver &)': attempting to reference a deleted function
         c:\users\pdemiguel\documents\github\jocsenxarxa\berkeleysockets\receiver.h(11): note: see declaration of 'Receiver::Receiver'
         c:\program files (x86)\microsoft visual studio 14.0\vc\include\tuple(233): note: see reference to function template instantiation 'std::_Tuple_val<_This>::_Tuple_val<Receiver&>(_Other)' being compiled
                 with
                 [
                     _This=Receiver,
                     _Other=Receiver &
                 ]
         c:\program files (x86)\microsoft visual studio 14.0\vc\include\tuple(233): note: see reference to function template instantiation 'std::_Tuple_val<_This>::_Tuple_val<Receiver&>(_Other)' being compiled
                 with
                 [
                     _This=Receiver,
                     _Other=Receiver &
                 ]
         c:\program files (x86)\microsoft visual studio 14.0\vc\include\memory(1636): note: see reference to function template instantiation 'std::tuple<Receiver>::tuple<Receiver&,,std::_Tuple_enable<std::tuple<>,std::tuple<>>::type>(_This2)' being compiled
                 with
                 [
                     _This2=Receiver &
                 ]
         c:\program files (x86)\microsoft visual studio 14.0\vc\include\memory(1636): note: see reference to function template instantiation 'std::tuple<Receiver>::tuple<Receiver&,,std::_Tuple_enable<std::tuple<>,std::tuple<>>::type>(_This2)' being compiled
                 with
                 [
                     _This2=Receiver &
                 ]
         c:\program files (x86)\microsoft visual studio 14.0\vc\include\thread(50): note: see reference to function template instantiation 'std::unique_ptr<std::tuple<Receiver>,std::default_delete<std::tuple<Receiver>>> std::make_unique<std::tuple<Receiver>,Receiver&>(Receiver &)' being compiled
         c:\users\pdemiguel\documents\github\jocsenxarxa\berkeleysockets\main.cpp(37): note: see reference to function template instantiation 'std::thread::thread<Receiver&,,void>(_Fn)' being compiled
                 with
                 [
                     _Fn=Receiver &
                 ]
     1>Done Building Project "C:\Users\pdemiguel\Documents\GitHub\JocsEnXarxa\BerkeleySockets\BerkeleySockets.vcxproj" (Rebuild target(s)) -- FAILED.

Build FAILED.

Time Elapsed 00:00:00.67
